17:18:53,810 root INFO LOADING DATASET
17:18:53,810 root INFO DATASET PATH: preprocessed_dataset/train
17:18:53,812 root INFO FOUND 717 IMAGES
17:18:53,998 root INFO TRAIN DATASET CREATED
17:18:54,30 root INFO VALIDATION DATASET CREATED
17:18:54,51 root INFO TEST DATASET CREATED
17:18:54,120 root INFO DATASET LOADED IN 0.3099508285522461 SECONDS
17:18:54,120 root INFO CLASS NAMES: ['fire_and_smoke', 'normal']
17:18:55,179 root INFO IMAGE BATCH SHAPE: (32, 299, 299, 3)
17:18:56,930 root INFO VISUALIZE DATA SAVED IN ./output/visualize_data.png
17:18:56,930 root INFO DATA AUGMENTATION
17:18:57,87 root INFO DATA AUGMENTATION DONE IN 0.15675711631774902 SECONDS
17:18:57,87 root INFO CREATING MODEL
17:18:58,99 root INFO MODEL CREATED IN 1.0117602348327637 SECONDS
17:18:58,117 root INFO MODEL SUMMARY SAVED IN ./output/model_summary.txt
17:18:58,117 root INFO TRAINING MODEL WITH BACKBONE FREEZED
17:23:26,277 root INFO MODEL TRAINED IN 268.1566641330719 SECONDS
17:23:26,283 root INFO LOG OF TRAINING SAVED IN ./output/training_log.csv
17:23:27,252 root INFO EVALUATING MODEL
17:23:40,799 root INFO MODEL EVALUATED IN 13.546724081039429 SECONDS WITH LOSS 0.11313358694314957 AND ACCURACY 0.9697802066802979 AND RECALL 0.9693251252174377
